2025-06-04T11:43:32.269+05:30  INFO 17180 --- [Sameerraja-Hospital-Management] [restartedMain] .SameerrajaHospitalManagementApplication : Starting SameerrajaHospitalManagementApplication using Java 17.0.12 with PID 17180 (D:\Spring Boot projects\Sameerraja-Hospital-Management\target\classes started by vasam in D:\Spring Boot projects\Sameerraja-Hospital-Management)
2025-06-04T11:43:32.271+05:30  INFO 17180 --- [Sameerraja-Hospital-Management] [restartedMain] .SameerrajaHospitalManagementApplication : The following 1 profile is active: "dev"
2025-06-04T11:43:32.322+05:30  INFO 17180 --- [Sameerraja-Hospital-Management] [restartedMain] .e.DevToolsPropertyDefaultsPostProcessor : Devtools property defaults active! Set 'spring.devtools.add-properties' to 'false' to disable
2025-06-04T11:43:32.323+05:30  INFO 17180 --- [Sameerraja-Hospital-Management] [restartedMain] .e.DevToolsPropertyDefaultsPostProcessor : For additional web related logging consider setting the 'logging.level.web' property to 'DEBUG'
2025-06-04T11:43:33.607+05:30  INFO 17180 --- [Sameerraja-Hospital-Management] [restartedMain] .s.d.r.c.RepositoryConfigurationDelegate : Bootstrapping Spring Data JPA repositories in DEFAULT mode.
2025-06-04T11:43:33.698+05:30  INFO 17180 --- [Sameerraja-Hospital-Management] [restartedMain] .s.d.r.c.RepositoryConfigurationDelegate : Finished Spring Data repository scanning in 80 ms. Found 10 JPA repository interfaces.
2025-06-04T11:43:34.353+05:30  INFO 17180 --- [Sameerraja-Hospital-Management] [restartedMain] o.s.b.w.embedded.tomcat.TomcatWebServer  : Tomcat initialized with port 8989 (http)
2025-06-04T11:43:34.375+05:30  INFO 17180 --- [Sameerraja-Hospital-Management] [restartedMain] o.apache.catalina.core.StandardService   : Starting service [Tomcat]
2025-06-04T11:43:34.377+05:30  INFO 17180 --- [Sameerraja-Hospital-Management] [restartedMain] o.apache.catalina.core.StandardEngine    : Starting Servlet engine: [Apache Tomcat/10.1.41]
2025-06-04T11:43:34.476+05:30  INFO 17180 --- [Sameerraja-Hospital-Management] [restartedMain] o.a.c.c.C.[.[localhost].[/api/v1]        : Initializing Spring embedded WebApplicationContext
2025-06-04T11:43:34.476+05:30  INFO 17180 --- [Sameerraja-Hospital-Management] [restartedMain] w.s.c.ServletWebServerApplicationContext : Root WebApplicationContext: initialization completed in 2152 ms
2025-06-04T11:43:34.613+05:30  INFO 17180 --- [Sameerraja-Hospital-Management] [restartedMain] o.hibernate.jpa.internal.util.LogHelper  : HHH000204: Processing PersistenceUnitInfo [name: default]
2025-06-04T11:43:34.698+05:30  INFO 17180 --- [Sameerraja-Hospital-Management] [restartedMain] org.hibernate.Version                    : HHH000412: Hibernate ORM core version 6.6.15.Final
2025-06-04T11:43:34.740+05:30  INFO 17180 --- [Sameerraja-Hospital-Management] [restartedMain] o.h.c.internal.RegionFactoryInitiator    : HHH000026: Second-level cache disabled
2025-06-04T11:43:35.058+05:30  INFO 17180 --- [Sameerraja-Hospital-Management] [restartedMain] o.s.o.j.p.SpringPersistenceUnitInfo      : No LoadTimeWeaver setup: ignoring JPA class transformer
2025-06-04T11:43:35.098+05:30  INFO 17180 --- [Sameerraja-Hospital-Management] [restartedMain] com.zaxxer.hikari.HikariDataSource       : HikariPool-1 - Starting...
2025-06-04T11:43:35.309+05:30  INFO 17180 --- [Sameerraja-Hospital-Management] [restartedMain] com.zaxxer.hikari.pool.HikariPool        : HikariPool-1 - Added connection conn0: url=jdbc:h2:mem:testdb user=ROOT
2025-06-04T11:43:35.313+05:30  INFO 17180 --- [Sameerraja-Hospital-Management] [restartedMain] com.zaxxer.hikari.HikariDataSource       : HikariPool-1 - Start completed.
2025-06-04T11:43:35.349+05:30  WARN 17180 --- [Sameerraja-Hospital-Management] [restartedMain] org.hibernate.orm.deprecation            : HHH90000025: H2Dialect does not need to be specified explicitly using 'hibernate.dialect' (remove the property setting and it will be selected by default)
2025-06-04T11:43:35.376+05:30  INFO 17180 --- [Sameerraja-Hospital-Management] [restartedMain] org.hibernate.orm.connections.pooling    : HHH10001005: Database info:
	Database JDBC URL [Connecting through datasource 'HikariDataSource (HikariPool-1)']
	Database driver: undefined/unknown
	Database version: 2.3.232
	Autocommit mode: undefined/unknown
	Isolation level: undefined/unknown
	Minimum pool size: undefined/unknown
	Maximum pool size: undefined/unknown
2025-06-04T11:43:36.485+05:30  INFO 17180 --- [Sameerraja-Hospital-Management] [restartedMain] o.h.e.t.j.p.i.JtaPlatformInitiator       : HHH000489: No JTA platform available (set 'hibernate.transaction.jta.platform' to enable JTA platform integration)
2025-06-04T11:43:36.604+05:30  INFO 17180 --- [Sameerraja-Hospital-Management] [restartedMain] j.LocalContainerEntityManagerFactoryBean : Initialized JPA EntityManagerFactory for persistence unit 'default'
2025-06-04T11:43:36.999+05:30  INFO 17180 --- [Sameerraja-Hospital-Management] [restartedMain] o.s.d.j.r.query.QueryEnhancerFactory     : Hibernate is in classpath; If applicable, HQL parser will be used.
2025-06-04T11:43:38.053+05:30  INFO 17180 --- [Sameerraja-Hospital-Management] [restartedMain] com.flm.service.impl.StaffServiceImpl    : Admin staff created successfully!
2025-06-04T11:43:38.256+05:30  WARN 17180 --- [Sameerraja-Hospital-Management] [restartedMain] JpaBaseConfiguration$JpaWebConfiguration : spring.jpa.open-in-view is enabled by default. Therefore, database queries may be performed during view rendering. Explicitly configure spring.jpa.open-in-view to disable this warning
2025-06-04T11:43:38.305+05:30  INFO 17180 --- [Sameerraja-Hospital-Management] [restartedMain] eAuthenticationProviderManagerConfigurer : Global AuthenticationManager configured with AuthenticationProvider bean with name authenticationProvider
2025-06-04T11:43:38.306+05:30  WARN 17180 --- [Sameerraja-Hospital-Management] [restartedMain] r$InitializeUserDetailsManagerConfigurer : Global AuthenticationManager configured with an AuthenticationProvider bean. UserDetailsService beans will not be used by Spring Security for automatically configuring username/password login. Consider removing the AuthenticationProvider bean. Alternatively, consider using the UserDetailsService in a manually instantiated DaoAuthenticationProvider. If the current configuration is intentional, to turn off this warning, increase the logging level of 'org.springframework.security.config.annotation.authentication.configuration.InitializeUserDetailsBeanManagerConfigurer' to ERROR
2025-06-04T11:43:38.892+05:30  INFO 17180 --- [Sameerraja-Hospital-Management] [restartedMain] o.s.b.a.h2.H2ConsoleAutoConfiguration    : H2 console available at '/h2-console'. Database available at 'jdbc:h2:mem:testdb'
2025-06-04T11:43:38.997+05:30  INFO 17180 --- [Sameerraja-Hospital-Management] [restartedMain] o.s.b.d.a.OptionalLiveReloadServer       : LiveReload server is running on port 35729
2025-06-04T11:43:39.052+05:30  INFO 17180 --- [Sameerraja-Hospital-Management] [restartedMain] o.s.b.w.embedded.tomcat.TomcatWebServer  : Tomcat started on port 8989 (http) with context path '/api/v1'
2025-06-04T11:43:39.066+05:30  INFO 17180 --- [Sameerraja-Hospital-Management] [restartedMain] .SameerrajaHospitalManagementApplication : Started SameerrajaHospitalManagementApplication in 7.305 seconds (process running for 7.948)
2025-06-04T11:43:56.405+05:30  INFO 17180 --- [Sameerraja-Hospital-Management] [http-nio-8989-exec-2] o.a.c.c.C.[.[localhost].[/api/v1]        : Initializing Spring DispatcherServlet 'dispatcherServlet'
2025-06-04T11:43:56.406+05:30  INFO 17180 --- [Sameerraja-Hospital-Management] [http-nio-8989-exec-2] o.s.web.servlet.DispatcherServlet        : Initializing Servlet 'dispatcherServlet'
2025-06-04T11:43:56.409+05:30  INFO 17180 --- [Sameerraja-Hospital-Management] [http-nio-8989-exec-2] o.s.web.servlet.DispatcherServlet        : Completed initialization in 3 ms
2025-06-04T11:43:57.431+05:30  INFO 17180 --- [Sameerraja-Hospital-Management] [http-nio-8989-exec-8] o.springdoc.api.AbstractOpenApiResource  : Init duration for springdoc-openapi is: 558 ms
2025-06-04T11:45:19.302+05:30  INFO 17180 --- [Sameerraja-Hospital-Management] [http-nio-8989-exec-4] c.flm.service.impl.PatientServiceImpl    : Patient 202506449763
2025-06-04T11:45:22.145+05:30  WARN 17180 --- [Sameerraja-Hospital-Management] [http-nio-8989-exec-6] o.h.engine.jdbc.spi.SqlExceptionHelper   : SQL Error: 23505, SQLState: 23505
2025-06-04T11:45:22.147+05:30 ERROR 17180 --- [Sameerraja-Hospital-Management] [http-nio-8989-exec-6] o.h.engine.jdbc.spi.SqlExceptionHelper   : Unique index or primary key violation: "PUBLIC.UKA370HMXGV0L5C9PANRYR1JI7D_INDEX_7 ON PUBLIC.PATIENTS(EMAIL NULLS FIRST) VALUES ( /* 1 */ 'saikrishnapavan0000@gmail.com' )"; SQL statement:
insert into patients (address_id,date_of_birth,email,first_name,gender,last_name,phone_number,patient_id) values (?,?,?,?,?,?,?,?) [23505-232]
2025-06-04T11:45:22.157+05:30 ERROR 17180 --- [Sameerraja-Hospital-Management] [http-nio-8989-exec-6] c.flm.service.impl.PatientServiceImpl    : Error occurred while saving patient: could not execute statement [Unique index or primary key violation: "PUBLIC.UKA370HMXGV0L5C9PANRYR1JI7D_INDEX_7 ON PUBLIC.PATIENTS(EMAIL NULLS FIRST) VALUES ( /* 1 */ 'saikrishnapavan0000@gmail.com' )"; SQL statement:
insert into patients (address_id,date_of_birth,email,first_name,gender,last_name,phone_number,patient_id) values (?,?,?,?,?,?,?,?) [23505-232]] [insert into patients (address_id,date_of_birth,email,first_name,gender,last_name,phone_number,patient_id) values (?,?,?,?,?,?,?,?)]; SQL [insert into patients (address_id,date_of_birth,email,first_name,gender,last_name,phone_number,patient_id) values (?,?,?,?,?,?,?,?)]; constraint [PUBLIC.UKA370HMXGV0L5C9PANRYR1JI7D_INDEX_7]
2025-06-04T11:45:22.160+05:30  WARN 17180 --- [Sameerraja-Hospital-Management] [http-nio-8989-exec-6] .m.m.a.ExceptionHandlerExceptionResolver : Resolved [com.flm.exception.PatientServiceException: Error occurred while saving patient: could not execute statement [Unique index or primary key violation: "PUBLIC.UKA370HMXGV0L5C9PANRYR1JI7D_INDEX_7 ON PUBLIC.PATIENTS(EMAIL NULLS FIRST) VALUES ( /* 1 */ 'saikrishnapavan0000@gmail.com' )"; SQL statement:<EOL>insert into patients (address_id,date_of_birth,email,first_name,gender,last_name,phone_number,patient_id) values (?,?,?,?,?,?,?,?) [23505-232]] [insert into patients (address_id,date_of_birth,email,first_name,gender,last_name,phone_number,patient_id) values (?,?,?,?,?,?,?,?)]; SQL [insert into patients (address_id,date_of_birth,email,first_name,gender,last_name,phone_number,patient_id) values (?,?,?,?,?,?,?,?)]; constraint [PUBLIC.UKA370HMXGV0L5C9PANRYR1JI7D_INDEX_7]]
2025-06-04T11:47:14.914+05:30  INFO 17180 --- [Sameerraja-Hospital-Management] [http-nio-8989-exec-7] c.flm.service.impl.PatientServiceImpl    : Patient 202506124143
2025-06-04T11:48:47.741+05:30  WARN 17180 --- [Sameerraja-Hospital-Management] [http-nio-8989-exec-1] o.h.engine.jdbc.spi.SqlExceptionHelper   : SQL Error: 23505, SQLState: 23505
2025-06-04T11:48:47.741+05:30 ERROR 17180 --- [Sameerraja-Hospital-Management] [http-nio-8989-exec-1] o.h.engine.jdbc.spi.SqlExceptionHelper   : Unique index or primary key violation: "PUBLIC.UKA370HMXGV0L5C9PANRYR1JI7D_INDEX_7 ON PUBLIC.PATIENTS(EMAIL NULLS FIRST) VALUES ( /* 1 */ 'saikrishnapavan0000@gmail.com' )"; SQL statement:
insert into patients (address_id,date_of_birth,email,first_name,gender,last_name,phone_number,patient_id) values (?,?,?,?,?,?,?,?) [23505-232]
2025-06-04T11:48:47.742+05:30 ERROR 17180 --- [Sameerraja-Hospital-Management] [http-nio-8989-exec-1] c.flm.service.impl.PatientServiceImpl    : Error occurred while saving patient: could not execute statement [Unique index or primary key violation: "PUBLIC.UKA370HMXGV0L5C9PANRYR1JI7D_INDEX_7 ON PUBLIC.PATIENTS(EMAIL NULLS FIRST) VALUES ( /* 1 */ 'saikrishnapavan0000@gmail.com' )"; SQL statement:
insert into patients (address_id,date_of_birth,email,first_name,gender,last_name,phone_number,patient_id) values (?,?,?,?,?,?,?,?) [23505-232]] [insert into patients (address_id,date_of_birth,email,first_name,gender,last_name,phone_number,patient_id) values (?,?,?,?,?,?,?,?)]; SQL [insert into patients (address_id,date_of_birth,email,first_name,gender,last_name,phone_number,patient_id) values (?,?,?,?,?,?,?,?)]; constraint [PUBLIC.UKA370HMXGV0L5C9PANRYR1JI7D_INDEX_7]
2025-06-04T11:48:47.776+05:30  WARN 17180 --- [Sameerraja-Hospital-Management] [http-nio-8989-exec-1] .m.m.a.ExceptionHandlerExceptionResolver : Resolved [com.flm.exception.PatientServiceException: Error occurred while saving patient: could not execute statement [Unique index or primary key violation: "PUBLIC.UKA370HMXGV0L5C9PANRYR1JI7D_INDEX_7 ON PUBLIC.PATIENTS(EMAIL NULLS FIRST) VALUES ( /* 1 */ 'saikrishnapavan0000@gmail.com' )"; SQL statement:<EOL>insert into patients (address_id,date_of_birth,email,first_name,gender,last_name,phone_number,patient_id) values (?,?,?,?,?,?,?,?) [23505-232]] [insert into patients (address_id,date_of_birth,email,first_name,gender,last_name,phone_number,patient_id) values (?,?,?,?,?,?,?,?)]; SQL [insert into patients (address_id,date_of_birth,email,first_name,gender,last_name,phone_number,patient_id) values (?,?,?,?,?,?,?,?)]; constraint [PUBLIC.UKA370HMXGV0L5C9PANRYR1JI7D_INDEX_7]]
2025-06-04T11:54:27.216+05:30  INFO 17180 --- [Sameerraja-Hospital-Management] [http-nio-8989-exec-10] com.flm.service.impl.DoctorServiceImpl   : Doctor Registered with Id : SAM-D40B5D0B
2025-06-04T11:58:21.211+05:30  WARN 17180 --- [Sameerraja-Hospital-Management] [http-nio-8989-exec-6] .w.s.m.s.DefaultHandlerExceptionResolver : Resolved [org.springframework.http.converter.HttpMessageNotReadableException: JSON parse error: Cannot invoke "com.fasterxml.jackson.databind.JsonNode.asInt()" because the return value of "com.fasterxml.jackson.databind.JsonNode.get(String)" is null]
2025-06-04T12:01:03.112+05:30  WARN 17180 --- [Sameerraja-Hospital-Management] [http-nio-8989-exec-8] .w.s.m.s.DefaultHandlerExceptionResolver : Resolved [org.springframework.http.converter.HttpMessageNotReadableException: JSON parse error: Cannot invoke "com.fasterxml.jackson.databind.JsonNode.asInt()" because the return value of "com.fasterxml.jackson.databind.JsonNode.get(String)" is null]
2025-06-04T12:07:16.135+05:30  INFO 17180 --- [Sameerraja-Hospital-Management] [File Watcher] rtingClassPathChangeChangedEventListener : Restarting due to 6 class path changes (0 additions, 1 deletion, 5 modifications)
2025-06-04T12:07:16.253+05:30  INFO 17180 --- [Sameerraja-Hospital-Management] [Thread-5] o.s.b.w.e.tomcat.GracefulShutdown        : Commencing graceful shutdown. Waiting for active requests to complete
2025-06-04T12:07:16.407+05:30  INFO 17180 --- [Sameerraja-Hospital-Management] [tomcat-shutdown] o.s.b.w.e.tomcat.GracefulShutdown        : Graceful shutdown complete
2025-06-04T12:07:16.474+05:30  INFO 17180 --- [Sameerraja-Hospital-Management] [Thread-5] j.LocalContainerEntityManagerFactoryBean : Closing JPA EntityManagerFactory for persistence unit 'default'
2025-06-04T12:07:16.564+05:30  WARN 17180 --- [Sameerraja-Hospital-Management] [Thread-5] o.s.b.f.support.DisposableBeanAdapter    : Invocation of destroy method failed on bean with name 'inMemoryDatabaseShutdownExecutor': org.h2.jdbc.JdbcSQLNonTransientConnectionException: Database is already closed (to disable automatic closing at VM shutdown, add ";DB_CLOSE_ON_EXIT=FALSE" to the db URL) [90121-232]
2025-06-04T12:07:16.566+05:30  INFO 17180 --- [Sameerraja-Hospital-Management] [Thread-5] com.zaxxer.hikari.HikariDataSource       : HikariPool-1 - Shutdown initiated...
2025-06-04T12:07:16.580+05:30  INFO 17180 --- [Sameerraja-Hospital-Management] [Thread-5] com.zaxxer.hikari.HikariDataSource       : HikariPool-1 - Shutdown completed.
2025-06-04T12:07:17.079+05:30  INFO 17180 --- [Sameerraja-Hospital-Management] [restartedMain] .SameerrajaHospitalManagementApplication : Starting SameerrajaHospitalManagementApplication using Java 17.0.12 with PID 17180 (D:\Spring Boot projects\Sameerraja-Hospital-Management\target\classes started by vasam in D:\Spring Boot projects\Sameerraja-Hospital-Management)
2025-06-04T12:07:17.079+05:30  INFO 17180 --- [Sameerraja-Hospital-Management] [restartedMain] .SameerrajaHospitalManagementApplication : The following 1 profile is active: "dev"
2025-06-04T12:07:17.618+05:30  INFO 17180 --- [Sameerraja-Hospital-Management] [restartedMain] .s.d.r.c.RepositoryConfigurationDelegate : Bootstrapping Spring Data JPA repositories in DEFAULT mode.
2025-06-04T12:07:17.695+05:30  INFO 17180 --- [Sameerraja-Hospital-Management] [restartedMain] .s.d.r.c.RepositoryConfigurationDelegate : Finished Spring Data repository scanning in 76 ms. Found 10 JPA repository interfaces.
2025-06-04T12:07:18.049+05:30  INFO 17180 --- [Sameerraja-Hospital-Management] [restartedMain] o.s.b.w.embedded.tomcat.TomcatWebServer  : Tomcat initialized with port 8989 (http)
2025-06-04T12:07:18.051+05:30  INFO 17180 --- [Sameerraja-Hospital-Management] [restartedMain] o.apache.catalina.core.StandardService   : Starting service [Tomcat]
2025-06-04T12:07:18.052+05:30  INFO 17180 --- [Sameerraja-Hospital-Management] [restartedMain] o.apache.catalina.core.StandardEngine    : Starting Servlet engine: [Apache Tomcat/10.1.41]
2025-06-04T12:07:18.106+05:30  INFO 17180 --- [Sameerraja-Hospital-Management] [restartedMain] o.a.c.c.C.[.[localhost].[/api/v1]        : Initializing Spring embedded WebApplicationContext
2025-06-04T12:07:18.121+05:30  INFO 17180 --- [Sameerraja-Hospital-Management] [restartedMain] w.s.c.ServletWebServerApplicationContext : Root WebApplicationContext: initialization completed in 1040 ms
2025-06-04T12:07:18.188+05:30  INFO 17180 --- [Sameerraja-Hospital-Management] [restartedMain] o.hibernate.jpa.internal.util.LogHelper  : HHH000204: Processing PersistenceUnitInfo [name: default]
2025-06-04T12:07:18.192+05:30  INFO 17180 --- [Sameerraja-Hospital-Management] [restartedMain] o.h.c.internal.RegionFactoryInitiator    : HHH000026: Second-level cache disabled
2025-06-04T12:07:18.208+05:30  INFO 17180 --- [Sameerraja-Hospital-Management] [restartedMain] o.s.o.j.p.SpringPersistenceUnitInfo      : No LoadTimeWeaver setup: ignoring JPA class transformer
2025-06-04T12:07:18.209+05:30  INFO 17180 --- [Sameerraja-Hospital-Management] [restartedMain] com.zaxxer.hikari.HikariDataSource       : HikariPool-2 - Starting...
2025-06-04T12:07:18.212+05:30  INFO 17180 --- [Sameerraja-Hospital-Management] [restartedMain] com.zaxxer.hikari.pool.HikariPool        : HikariPool-2 - Added connection conn12: url=jdbc:h2:mem:testdb user=ROOT
2025-06-04T12:07:18.212+05:30  INFO 17180 --- [Sameerraja-Hospital-Management] [restartedMain] com.zaxxer.hikari.HikariDataSource       : HikariPool-2 - Start completed.
2025-06-04T12:07:18.214+05:30  WARN 17180 --- [Sameerraja-Hospital-Management] [restartedMain] org.hibernate.orm.deprecation            : HHH90000025: H2Dialect does not need to be specified explicitly using 'hibernate.dialect' (remove the property setting and it will be selected by default)
2025-06-04T12:07:18.214+05:30  INFO 17180 --- [Sameerraja-Hospital-Management] [restartedMain] org.hibernate.orm.connections.pooling    : HHH10001005: Database info:
	Database JDBC URL [Connecting through datasource 'HikariDataSource (HikariPool-2)']
	Database driver: undefined/unknown
	Database version: 2.3.232
	Autocommit mode: undefined/unknown
	Isolation level: undefined/unknown
	Minimum pool size: undefined/unknown
	Maximum pool size: undefined/unknown
2025-06-04T12:07:18.379+05:30  INFO 17180 --- [Sameerraja-Hospital-Management] [restartedMain] o.h.e.t.j.p.i.JtaPlatformInitiator       : HHH000489: No JTA platform available (set 'hibernate.transaction.jta.platform' to enable JTA platform integration)
2025-06-04T12:07:18.414+05:30  INFO 17180 --- [Sameerraja-Hospital-Management] [restartedMain] j.LocalContainerEntityManagerFactoryBean : Initialized JPA EntityManagerFactory for persistence unit 'default'
2025-06-04T12:07:19.889+05:30  INFO 17180 --- [Sameerraja-Hospital-Management] [restartedMain] com.flm.service.impl.StaffServiceImpl    : Admin staff created successfully!
2025-06-04T12:07:20.225+05:30  WARN 17180 --- [Sameerraja-Hospital-Management] [restartedMain] JpaBaseConfiguration$JpaWebConfiguration : spring.jpa.open-in-view is enabled by default. Therefore, database queries may be performed during view rendering. Explicitly configure spring.jpa.open-in-view to disable this warning
2025-06-04T12:07:20.252+05:30  INFO 17180 --- [Sameerraja-Hospital-Management] [restartedMain] eAuthenticationProviderManagerConfigurer : Global AuthenticationManager configured with AuthenticationProvider bean with name authenticationProvider
2025-06-04T12:07:20.252+05:30  WARN 17180 --- [Sameerraja-Hospital-Management] [restartedMain] r$InitializeUserDetailsManagerConfigurer : Global AuthenticationManager configured with an AuthenticationProvider bean. UserDetailsService beans will not be used by Spring Security for automatically configuring username/password login. Consider removing the AuthenticationProvider bean. Alternatively, consider using the UserDetailsService in a manually instantiated DaoAuthenticationProvider. If the current configuration is intentional, to turn off this warning, increase the logging level of 'org.springframework.security.config.annotation.authentication.configuration.InitializeUserDetailsBeanManagerConfigurer' to ERROR
2025-06-04T12:07:20.623+05:30  INFO 17180 --- [Sameerraja-Hospital-Management] [restartedMain] o.s.b.a.h2.H2ConsoleAutoConfiguration    : H2 console available at '/h2-console'. Database available at 'jdbc:h2:mem:testdb'
2025-06-04T12:07:20.671+05:30  INFO 17180 --- [Sameerraja-Hospital-Management] [restartedMain] o.s.b.d.a.OptionalLiveReloadServer       : LiveReload server is running on port 35729
2025-06-04T12:07:20.692+05:30  INFO 17180 --- [Sameerraja-Hospital-Management] [restartedMain] o.s.b.w.embedded.tomcat.TomcatWebServer  : Tomcat started on port 8989 (http) with context path '/api/v1'
2025-06-04T12:07:20.699+05:30  INFO 17180 --- [Sameerraja-Hospital-Management] [restartedMain] .SameerrajaHospitalManagementApplication : Started SameerrajaHospitalManagementApplication in 3.677 seconds (process running for 1429.582)
2025-06-04T12:07:20.702+05:30  INFO 17180 --- [Sameerraja-Hospital-Management] [restartedMain] .ConditionEvaluationDeltaLoggingListener : Condition evaluation unchanged
2025-06-04T12:07:39.530+05:30  INFO 17180 --- [Sameerraja-Hospital-Management] [File Watcher] rtingClassPathChangeChangedEventListener : Restarting due to 2 class path changes (0 additions, 0 deletions, 2 modifications)
2025-06-04T12:07:39.532+05:30  INFO 17180 --- [Sameerraja-Hospital-Management] [Thread-7] o.s.b.w.e.tomcat.GracefulShutdown        : Commencing graceful shutdown. Waiting for active requests to complete
2025-06-04T12:07:39.617+05:30  INFO 17180 --- [Sameerraja-Hospital-Management] [tomcat-shutdown] o.s.b.w.e.tomcat.GracefulShutdown        : Graceful shutdown complete
2025-06-04T12:07:39.621+05:30  INFO 17180 --- [Sameerraja-Hospital-Management] [Thread-7] j.LocalContainerEntityManagerFactoryBean : Closing JPA EntityManagerFactory for persistence unit 'default'
2025-06-04T12:07:39.622+05:30  WARN 17180 --- [Sameerraja-Hospital-Management] [Thread-7] o.s.b.f.support.DisposableBeanAdapter    : Invocation of destroy method failed on bean with name 'inMemoryDatabaseShutdownExecutor': org.h2.jdbc.JdbcSQLNonTransientConnectionException: Database is already closed (to disable automatic closing at VM shutdown, add ";DB_CLOSE_ON_EXIT=FALSE" to the db URL) [90121-232]
2025-06-04T12:07:39.623+05:30  INFO 17180 --- [Sameerraja-Hospital-Management] [Thread-7] com.zaxxer.hikari.HikariDataSource       : HikariPool-2 - Shutdown initiated...
2025-06-04T12:07:39.623+05:30  INFO 17180 --- [Sameerraja-Hospital-Management] [Thread-7] com.zaxxer.hikari.HikariDataSource       : HikariPool-2 - Shutdown completed.
2025-06-04T12:07:40.078+05:30  INFO 17180 --- [Sameerraja-Hospital-Management] [restartedMain] .SameerrajaHospitalManagementApplication : Starting SameerrajaHospitalManagementApplication using Java 17.0.12 with PID 17180 (D:\Spring Boot projects\Sameerraja-Hospital-Management\target\classes started by vasam in D:\Spring Boot projects\Sameerraja-Hospital-Management)
2025-06-04T12:07:40.079+05:30  INFO 17180 --- [Sameerraja-Hospital-Management] [restartedMain] .SameerrajaHospitalManagementApplication : The following 1 profile is active: "dev"
2025-06-04T12:07:40.420+05:30  INFO 17180 --- [Sameerraja-Hospital-Management] [restartedMain] .s.d.r.c.RepositoryConfigurationDelegate : Bootstrapping Spring Data JPA repositories in DEFAULT mode.
2025-06-04T12:07:40.454+05:30  INFO 17180 --- [Sameerraja-Hospital-Management] [restartedMain] .s.d.r.c.RepositoryConfigurationDelegate : Finished Spring Data repository scanning in 32 ms. Found 10 JPA repository interfaces.
2025-06-04T12:07:40.577+05:30  INFO 17180 --- [Sameerraja-Hospital-Management] [restartedMain] o.s.b.w.embedded.tomcat.TomcatWebServer  : Tomcat initialized with port 8989 (http)
2025-06-04T12:07:40.577+05:30  INFO 17180 --- [Sameerraja-Hospital-Management] [restartedMain] o.apache.catalina.core.StandardService   : Starting service [Tomcat]
2025-06-04T12:07:40.577+05:30  INFO 17180 --- [Sameerraja-Hospital-Management] [restartedMain] o.apache.catalina.core.StandardEngine    : Starting Servlet engine: [Apache Tomcat/10.1.41]
2025-06-04T12:07:40.607+05:30  INFO 17180 --- [Sameerraja-Hospital-Management] [restartedMain] o.a.c.c.C.[.[localhost].[/api/v1]        : Initializing Spring embedded WebApplicationContext
2025-06-04T12:07:40.607+05:30  INFO 17180 --- [Sameerraja-Hospital-Management] [restartedMain] w.s.c.ServletWebServerApplicationContext : Root WebApplicationContext: initialization completed in 526 ms
2025-06-04T12:07:40.648+05:30  INFO 17180 --- [Sameerraja-Hospital-Management] [restartedMain] o.hibernate.jpa.internal.util.LogHelper  : HHH000204: Processing PersistenceUnitInfo [name: default]
2025-06-04T12:07:40.650+05:30  INFO 17180 --- [Sameerraja-Hospital-Management] [restartedMain] o.h.c.internal.RegionFactoryInitiator    : HHH000026: Second-level cache disabled
2025-06-04T12:07:40.657+05:30  INFO 17180 --- [Sameerraja-Hospital-Management] [restartedMain] o.s.o.j.p.SpringPersistenceUnitInfo      : No LoadTimeWeaver setup: ignoring JPA class transformer
2025-06-04T12:07:40.657+05:30  INFO 17180 --- [Sameerraja-Hospital-Management] [restartedMain] com.zaxxer.hikari.HikariDataSource       : HikariPool-3 - Starting...
2025-06-04T12:07:40.659+05:30  INFO 17180 --- [Sameerraja-Hospital-Management] [restartedMain] com.zaxxer.hikari.pool.HikariPool        : HikariPool-3 - Added connection conn22: url=jdbc:h2:mem:testdb user=ROOT
2025-06-04T12:07:40.659+05:30  INFO 17180 --- [Sameerraja-Hospital-Management] [restartedMain] com.zaxxer.hikari.HikariDataSource       : HikariPool-3 - Start completed.
2025-06-04T12:07:40.660+05:30  WARN 17180 --- [Sameerraja-Hospital-Management] [restartedMain] org.hibernate.orm.deprecation            : HHH90000025: H2Dialect does not need to be specified explicitly using 'hibernate.dialect' (remove the property setting and it will be selected by default)
2025-06-04T12:07:40.660+05:30  INFO 17180 --- [Sameerraja-Hospital-Management] [restartedMain] org.hibernate.orm.connections.pooling    : HHH10001005: Database info:
	Database JDBC URL [Connecting through datasource 'HikariDataSource (HikariPool-3)']
	Database driver: undefined/unknown
	Database version: 2.3.232
	Autocommit mode: undefined/unknown
	Isolation level: undefined/unknown
	Minimum pool size: undefined/unknown
	Maximum pool size: undefined/unknown
2025-06-04T12:07:40.858+05:30  INFO 17180 --- [Sameerraja-Hospital-Management] [restartedMain] o.h.e.t.j.p.i.JtaPlatformInitiator       : HHH000489: No JTA platform available (set 'hibernate.transaction.jta.platform' to enable JTA platform integration)
2025-06-04T12:07:40.895+05:30  INFO 17180 --- [Sameerraja-Hospital-Management] [restartedMain] j.LocalContainerEntityManagerFactoryBean : Initialized JPA EntityManagerFactory for persistence unit 'default'
2025-06-04T12:07:41.178+05:30  INFO 17180 --- [Sameerraja-Hospital-Management] [restartedMain] com.flm.service.impl.StaffServiceImpl    : Admin staff created successfully!
2025-06-04T12:07:41.299+05:30  WARN 17180 --- [Sameerraja-Hospital-Management] [restartedMain] JpaBaseConfiguration$JpaWebConfiguration : spring.jpa.open-in-view is enabled by default. Therefore, database queries may be performed during view rendering. Explicitly configure spring.jpa.open-in-view to disable this warning
2025-06-04T12:07:41.323+05:30  INFO 17180 --- [Sameerraja-Hospital-Management] [restartedMain] eAuthenticationProviderManagerConfigurer : Global AuthenticationManager configured with AuthenticationProvider bean with name authenticationProvider
2025-06-04T12:07:41.323+05:30  WARN 17180 --- [Sameerraja-Hospital-Management] [restartedMain] r$InitializeUserDetailsManagerConfigurer : Global AuthenticationManager configured with an AuthenticationProvider bean. UserDetailsService beans will not be used by Spring Security for automatically configuring username/password login. Consider removing the AuthenticationProvider bean. Alternatively, consider using the UserDetailsService in a manually instantiated DaoAuthenticationProvider. If the current configuration is intentional, to turn off this warning, increase the logging level of 'org.springframework.security.config.annotation.authentication.configuration.InitializeUserDetailsBeanManagerConfigurer' to ERROR
2025-06-04T12:07:41.584+05:30  INFO 17180 --- [Sameerraja-Hospital-Management] [restartedMain] o.s.b.a.h2.H2ConsoleAutoConfiguration    : H2 console available at '/h2-console'. Database available at 'jdbc:h2:mem:testdb'
2025-06-04T12:07:41.634+05:30  INFO 17180 --- [Sameerraja-Hospital-Management] [restartedMain] o.s.b.d.a.OptionalLiveReloadServer       : LiveReload server is running on port 35729
2025-06-04T12:07:41.653+05:30  INFO 17180 --- [Sameerraja-Hospital-Management] [restartedMain] o.s.b.w.embedded.tomcat.TomcatWebServer  : Tomcat started on port 8989 (http) with context path '/api/v1'
2025-06-04T12:07:41.671+05:30  INFO 17180 --- [Sameerraja-Hospital-Management] [restartedMain] .SameerrajaHospitalManagementApplication : Started SameerrajaHospitalManagementApplication in 1.616 seconds (process running for 1450.554)
2025-06-04T12:07:41.673+05:30  INFO 17180 --- [Sameerraja-Hospital-Management] [restartedMain] .ConditionEvaluationDeltaLoggingListener : Condition evaluation unchanged
2025-06-04T12:07:46.137+05:30  INFO 17180 --- [Sameerraja-Hospital-Management] [File Watcher] rtingClassPathChangeChangedEventListener : Restarting due to 2 class path changes (0 additions, 0 deletions, 2 modifications)
2025-06-04T12:07:46.140+05:30  INFO 17180 --- [Sameerraja-Hospital-Management] [Thread-12] o.s.b.w.e.tomcat.GracefulShutdown        : Commencing graceful shutdown. Waiting for active requests to complete
2025-06-04T12:07:46.209+05:30  INFO 17180 --- [Sameerraja-Hospital-Management] [tomcat-shutdown] o.s.b.w.e.tomcat.GracefulShutdown        : Graceful shutdown complete
2025-06-04T12:07:46.213+05:30  INFO 17180 --- [Sameerraja-Hospital-Management] [Thread-12] j.LocalContainerEntityManagerFactoryBean : Closing JPA EntityManagerFactory for persistence unit 'default'
2025-06-04T12:07:46.215+05:30  WARN 17180 --- [Sameerraja-Hospital-Management] [Thread-12] o.s.b.f.support.DisposableBeanAdapter    : Invocation of destroy method failed on bean with name 'inMemoryDatabaseShutdownExecutor': org.h2.jdbc.JdbcSQLNonTransientConnectionException: Database is already closed (to disable automatic closing at VM shutdown, add ";DB_CLOSE_ON_EXIT=FALSE" to the db URL) [90121-232]
2025-06-04T12:07:46.215+05:30  INFO 17180 --- [Sameerraja-Hospital-Management] [Thread-12] com.zaxxer.hikari.HikariDataSource       : HikariPool-3 - Shutdown initiated...
2025-06-04T12:07:46.216+05:30  INFO 17180 --- [Sameerraja-Hospital-Management] [Thread-12] com.zaxxer.hikari.HikariDataSource       : HikariPool-3 - Shutdown completed.
2025-06-04T12:07:46.317+05:30  INFO 17180 --- [Sameerraja-Hospital-Management] [restartedMain] .SameerrajaHospitalManagementApplication : Starting SameerrajaHospitalManagementApplication using Java 17.0.12 with PID 17180 (D:\Spring Boot projects\Sameerraja-Hospital-Management\target\classes started by vasam in D:\Spring Boot projects\Sameerraja-Hospital-Management)
2025-06-04T12:07:46.318+05:30  INFO 17180 --- [Sameerraja-Hospital-Management] [restartedMain] .SameerrajaHospitalManagementApplication : The following 1 profile is active: "dev"
2025-06-04T12:07:46.508+05:30  INFO 17180 --- [Sameerraja-Hospital-Management] [restartedMain] .s.d.r.c.RepositoryConfigurationDelegate : Bootstrapping Spring Data JPA repositories in DEFAULT mode.
2025-06-04T12:07:46.538+05:30  INFO 17180 --- [Sameerraja-Hospital-Management] [restartedMain] .s.d.r.c.RepositoryConfigurationDelegate : Finished Spring Data repository scanning in 28 ms. Found 10 JPA repository interfaces.
2025-06-04T12:07:46.636+05:30  INFO 17180 --- [Sameerraja-Hospital-Management] [restartedMain] o.s.b.w.embedded.tomcat.TomcatWebServer  : Tomcat initialized with port 8989 (http)
2025-06-04T12:07:46.637+05:30  INFO 17180 --- [Sameerraja-Hospital-Management] [restartedMain] o.apache.catalina.core.StandardService   : Starting service [Tomcat]
2025-06-04T12:07:46.637+05:30  INFO 17180 --- [Sameerraja-Hospital-Management] [restartedMain] o.apache.catalina.core.StandardEngine    : Starting Servlet engine: [Apache Tomcat/10.1.41]
2025-06-04T12:07:46.655+05:30  INFO 17180 --- [Sameerraja-Hospital-Management] [restartedMain] o.a.c.c.C.[.[localhost].[/api/v1]        : Initializing Spring embedded WebApplicationContext
2025-06-04T12:07:46.655+05:30  INFO 17180 --- [Sameerraja-Hospital-Management] [restartedMain] w.s.c.ServletWebServerApplicationContext : Root WebApplicationContext: initialization completed in 336 ms
2025-06-04T12:07:46.699+05:30  INFO 17180 --- [Sameerraja-Hospital-Management] [restartedMain] o.hibernate.jpa.internal.util.LogHelper  : HHH000204: Processing PersistenceUnitInfo [name: default]
2025-06-04T12:07:46.701+05:30  INFO 17180 --- [Sameerraja-Hospital-Management] [restartedMain] o.h.c.internal.RegionFactoryInitiator    : HHH000026: Second-level cache disabled
2025-06-04T12:07:46.706+05:30  INFO 17180 --- [Sameerraja-Hospital-Management] [restartedMain] o.s.o.j.p.SpringPersistenceUnitInfo      : No LoadTimeWeaver setup: ignoring JPA class transformer
2025-06-04T12:07:46.707+05:30  INFO 17180 --- [Sameerraja-Hospital-Management] [restartedMain] com.zaxxer.hikari.HikariDataSource       : HikariPool-4 - Starting...
2025-06-04T12:07:46.709+05:30  INFO 17180 --- [Sameerraja-Hospital-Management] [restartedMain] com.zaxxer.hikari.pool.HikariPool        : HikariPool-4 - Added connection conn32: url=jdbc:h2:mem:testdb user=ROOT
2025-06-04T12:07:46.709+05:30  INFO 17180 --- [Sameerraja-Hospital-Management] [restartedMain] com.zaxxer.hikari.HikariDataSource       : HikariPool-4 - Start completed.
2025-06-04T12:07:46.710+05:30  WARN 17180 --- [Sameerraja-Hospital-Management] [restartedMain] org.hibernate.orm.deprecation            : HHH90000025: H2Dialect does not need to be specified explicitly using 'hibernate.dialect' (remove the property setting and it will be selected by default)
2025-06-04T12:07:46.710+05:30  INFO 17180 --- [Sameerraja-Hospital-Management] [restartedMain] org.hibernate.orm.connections.pooling    : HHH10001005: Database info:
	Database JDBC URL [Connecting through datasource 'HikariDataSource (HikariPool-4)']
	Database driver: undefined/unknown
	Database version: 2.3.232
	Autocommit mode: undefined/unknown
	Isolation level: undefined/unknown
	Minimum pool size: undefined/unknown
	Maximum pool size: undefined/unknown
2025-06-04T12:07:46.851+05:30  INFO 17180 --- [Sameerraja-Hospital-Management] [restartedMain] o.h.e.t.j.p.i.JtaPlatformInitiator       : HHH000489: No JTA platform available (set 'hibernate.transaction.jta.platform' to enable JTA platform integration)
2025-06-04T12:07:46.877+05:30  INFO 17180 --- [Sameerraja-Hospital-Management] [restartedMain] j.LocalContainerEntityManagerFactoryBean : Initialized JPA EntityManagerFactory for persistence unit 'default'
2025-06-04T12:07:47.141+05:30  INFO 17180 --- [Sameerraja-Hospital-Management] [restartedMain] com.flm.service.impl.StaffServiceImpl    : Admin staff created successfully!
2025-06-04T12:07:47.269+05:30  WARN 17180 --- [Sameerraja-Hospital-Management] [restartedMain] JpaBaseConfiguration$JpaWebConfiguration : spring.jpa.open-in-view is enabled by default. Therefore, database queries may be performed during view rendering. Explicitly configure spring.jpa.open-in-view to disable this warning
2025-06-04T12:07:47.286+05:30  INFO 17180 --- [Sameerraja-Hospital-Management] [restartedMain] eAuthenticationProviderManagerConfigurer : Global AuthenticationManager configured with AuthenticationProvider bean with name authenticationProvider
2025-06-04T12:07:47.287+05:30  WARN 17180 --- [Sameerraja-Hospital-Management] [restartedMain] r$InitializeUserDetailsManagerConfigurer : Global AuthenticationManager configured with an AuthenticationProvider bean. UserDetailsService beans will not be used by Spring Security for automatically configuring username/password login. Consider removing the AuthenticationProvider bean. Alternatively, consider using the UserDetailsService in a manually instantiated DaoAuthenticationProvider. If the current configuration is intentional, to turn off this warning, increase the logging level of 'org.springframework.security.config.annotation.authentication.configuration.InitializeUserDetailsBeanManagerConfigurer' to ERROR
2025-06-04T12:07:47.520+05:30  INFO 17180 --- [Sameerraja-Hospital-Management] [restartedMain] o.s.b.a.h2.H2ConsoleAutoConfiguration    : H2 console available at '/h2-console'. Database available at 'jdbc:h2:mem:testdb'
2025-06-04T12:07:47.564+05:30  INFO 17180 --- [Sameerraja-Hospital-Management] [restartedMain] o.s.b.d.a.OptionalLiveReloadServer       : LiveReload server is running on port 35729
2025-06-04T12:07:47.583+05:30  INFO 17180 --- [Sameerraja-Hospital-Management] [restartedMain] o.s.b.w.embedded.tomcat.TomcatWebServer  : Tomcat started on port 8989 (http) with context path '/api/v1'
2025-06-04T12:07:47.595+05:30  INFO 17180 --- [Sameerraja-Hospital-Management] [restartedMain] .SameerrajaHospitalManagementApplication : Started SameerrajaHospitalManagementApplication in 1.309 seconds (process running for 1456.478)
2025-06-04T12:07:47.598+05:30  INFO 17180 --- [Sameerraja-Hospital-Management] [restartedMain] .ConditionEvaluationDeltaLoggingListener : Condition evaluation unchanged
2025-06-04T12:07:51.066+05:30  INFO 17180 --- [Sameerraja-Hospital-Management] [File Watcher] rtingClassPathChangeChangedEventListener : Restarting due to 2 class path changes (0 additions, 0 deletions, 2 modifications)
2025-06-04T12:07:51.067+05:30  INFO 17180 --- [Sameerraja-Hospital-Management] [Thread-16] o.s.b.w.e.tomcat.GracefulShutdown        : Commencing graceful shutdown. Waiting for active requests to complete
2025-06-04T12:07:51.148+05:30  INFO 17180 --- [Sameerraja-Hospital-Management] [tomcat-shutdown] o.s.b.w.e.tomcat.GracefulShutdown        : Graceful shutdown complete
2025-06-04T12:07:51.151+05:30  INFO 17180 --- [Sameerraja-Hospital-Management] [Thread-16] j.LocalContainerEntityManagerFactoryBean : Closing JPA EntityManagerFactory for persistence unit 'default'
2025-06-04T12:07:51.153+05:30  WARN 17180 --- [Sameerraja-Hospital-Management] [Thread-16] o.s.b.f.support.DisposableBeanAdapter    : Invocation of destroy method failed on bean with name 'inMemoryDatabaseShutdownExecutor': org.h2.jdbc.JdbcSQLNonTransientConnectionException: Database is already closed (to disable automatic closing at VM shutdown, add ";DB_CLOSE_ON_EXIT=FALSE" to the db URL) [90121-232]
2025-06-04T12:07:51.153+05:30  INFO 17180 --- [Sameerraja-Hospital-Management] [Thread-16] com.zaxxer.hikari.HikariDataSource       : HikariPool-4 - Shutdown initiated...
2025-06-04T12:07:51.155+05:30  INFO 17180 --- [Sameerraja-Hospital-Management] [Thread-16] com.zaxxer.hikari.HikariDataSource       : HikariPool-4 - Shutdown completed.
2025-06-04T12:07:51.256+05:30  INFO 17180 --- [Sameerraja-Hospital-Management] [restartedMain] .SameerrajaHospitalManagementApplication : Starting SameerrajaHospitalManagementApplication using Java 17.0.12 with PID 17180 (D:\Spring Boot projects\Sameerraja-Hospital-Management\target\classes started by vasam in D:\Spring Boot projects\Sameerraja-Hospital-Management)
2025-06-04T12:07:51.256+05:30  INFO 17180 --- [Sameerraja-Hospital-Management] [restartedMain] .SameerrajaHospitalManagementApplication : The following 1 profile is active: "dev"
2025-06-04T12:07:51.452+05:30  INFO 17180 --- [Sameerraja-Hospital-Management] [restartedMain] .s.d.r.c.RepositoryConfigurationDelegate : Bootstrapping Spring Data JPA repositories in DEFAULT mode.
2025-06-04T12:07:51.480+05:30  INFO 17180 --- [Sameerraja-Hospital-Management] [restartedMain] .s.d.r.c.RepositoryConfigurationDelegate : Finished Spring Data repository scanning in 27 ms. Found 10 JPA repository interfaces.
2025-06-04T12:07:51.578+05:30  INFO 17180 --- [Sameerraja-Hospital-Management] [restartedMain] o.s.b.w.embedded.tomcat.TomcatWebServer  : Tomcat initialized with port 8989 (http)
2025-06-04T12:07:51.579+05:30  INFO 17180 --- [Sameerraja-Hospital-Management] [restartedMain] o.apache.catalina.core.StandardService   : Starting service [Tomcat]
2025-06-04T12:07:51.580+05:30  INFO 17180 --- [Sameerraja-Hospital-Management] [restartedMain] o.apache.catalina.core.StandardEngine    : Starting Servlet engine: [Apache Tomcat/10.1.41]
2025-06-04T12:07:51.594+05:30  INFO 17180 --- [Sameerraja-Hospital-Management] [restartedMain] o.a.c.c.C.[.[localhost].[/api/v1]        : Initializing Spring embedded WebApplicationContext
2025-06-04T12:07:51.595+05:30  INFO 17180 --- [Sameerraja-Hospital-Management] [restartedMain] w.s.c.ServletWebServerApplicationContext : Root WebApplicationContext: initialization completed in 337 ms
2025-06-04T12:07:51.632+05:30  INFO 17180 --- [Sameerraja-Hospital-Management] [restartedMain] o.hibernate.jpa.internal.util.LogHelper  : HHH000204: Processing PersistenceUnitInfo [name: default]
2025-06-04T12:07:51.633+05:30  INFO 17180 --- [Sameerraja-Hospital-Management] [restartedMain] o.h.c.internal.RegionFactoryInitiator    : HHH000026: Second-level cache disabled
2025-06-04T12:07:51.638+05:30  INFO 17180 --- [Sameerraja-Hospital-Management] [restartedMain] o.s.o.j.p.SpringPersistenceUnitInfo      : No LoadTimeWeaver setup: ignoring JPA class transformer
2025-06-04T12:07:51.639+05:30  INFO 17180 --- [Sameerraja-Hospital-Management] [restartedMain] com.zaxxer.hikari.HikariDataSource       : HikariPool-5 - Starting...
2025-06-04T12:07:51.640+05:30  INFO 17180 --- [Sameerraja-Hospital-Management] [restartedMain] com.zaxxer.hikari.pool.HikariPool        : HikariPool-5 - Added connection conn42: url=jdbc:h2:mem:testdb user=ROOT
2025-06-04T12:07:51.641+05:30  INFO 17180 --- [Sameerraja-Hospital-Management] [restartedMain] com.zaxxer.hikari.HikariDataSource       : HikariPool-5 - Start completed.
2025-06-04T12:07:51.641+05:30  WARN 17180 --- [Sameerraja-Hospital-Management] [restartedMain] org.hibernate.orm.deprecation            : HHH90000025: H2Dialect does not need to be specified explicitly using 'hibernate.dialect' (remove the property setting and it will be selected by default)
2025-06-04T12:07:51.642+05:30  INFO 17180 --- [Sameerraja-Hospital-Management] [restartedMain] org.hibernate.orm.connections.pooling    : HHH10001005: Database info:
	Database JDBC URL [Connecting through datasource 'HikariDataSource (HikariPool-5)']
	Database driver: undefined/unknown
	Database version: 2.3.232
	Autocommit mode: undefined/unknown
	Isolation level: undefined/unknown
	Minimum pool size: undefined/unknown
	Maximum pool size: undefined/unknown
2025-06-04T12:07:51.752+05:30  INFO 17180 --- [Sameerraja-Hospital-Management] [restartedMain] o.h.e.t.j.p.i.JtaPlatformInitiator       : HHH000489: No JTA platform available (set 'hibernate.transaction.jta.platform' to enable JTA platform integration)
2025-06-04T12:07:51.765+05:30  INFO 17180 --- [Sameerraja-Hospital-Management] [restartedMain] j.LocalContainerEntityManagerFactoryBean : Initialized JPA EntityManagerFactory for persistence unit 'default'
2025-06-04T12:07:52.031+05:30  INFO 17180 --- [Sameerraja-Hospital-Management] [restartedMain] com.flm.service.impl.StaffServiceImpl    : Admin staff created successfully!
2025-06-04T12:07:52.134+05:30  WARN 17180 --- [Sameerraja-Hospital-Management] [restartedMain] JpaBaseConfiguration$JpaWebConfiguration : spring.jpa.open-in-view is enabled by default. Therefore, database queries may be performed during view rendering. Explicitly configure spring.jpa.open-in-view to disable this warning
2025-06-04T12:07:52.154+05:30  INFO 17180 --- [Sameerraja-Hospital-Management] [restartedMain] eAuthenticationProviderManagerConfigurer : Global AuthenticationManager configured with AuthenticationProvider bean with name authenticationProvider
2025-06-04T12:07:52.154+05:30  WARN 17180 --- [Sameerraja-Hospital-Management] [restartedMain] r$InitializeUserDetailsManagerConfigurer : Global AuthenticationManager configured with an AuthenticationProvider bean. UserDetailsService beans will not be used by Spring Security for automatically configuring username/password login. Consider removing the AuthenticationProvider bean. Alternatively, consider using the UserDetailsService in a manually instantiated DaoAuthenticationProvider. If the current configuration is intentional, to turn off this warning, increase the logging level of 'org.springframework.security.config.annotation.authentication.configuration.InitializeUserDetailsBeanManagerConfigurer' to ERROR
2025-06-04T12:07:52.381+05:30  INFO 17180 --- [Sameerraja-Hospital-Management] [restartedMain] o.s.b.a.h2.H2ConsoleAutoConfiguration    : H2 console available at '/h2-console'. Database available at 'jdbc:h2:mem:testdb'
2025-06-04T12:07:52.419+05:30  INFO 17180 --- [Sameerraja-Hospital-Management] [restartedMain] o.s.b.d.a.OptionalLiveReloadServer       : LiveReload server is running on port 35729
2025-06-04T12:07:52.433+05:30  INFO 17180 --- [Sameerraja-Hospital-Management] [restartedMain] o.s.b.w.embedded.tomcat.TomcatWebServer  : Tomcat started on port 8989 (http) with context path '/api/v1'
2025-06-04T12:07:52.443+05:30  INFO 17180 --- [Sameerraja-Hospital-Management] [restartedMain] .SameerrajaHospitalManagementApplication : Started SameerrajaHospitalManagementApplication in 1.22 seconds (process running for 1461.326)
2025-06-04T12:07:52.446+05:30  INFO 17180 --- [Sameerraja-Hospital-Management] [restartedMain] .ConditionEvaluationDeltaLoggingListener : Condition evaluation unchanged
2025-06-04T12:08:06.190+05:30  INFO 17180 --- [Sameerraja-Hospital-Management] [RMI TCP Connection(35)-127.0.0.1] inMXBeanRegistrar$SpringApplicationAdmin : Application shutdown requested.
2025-06-04T12:08:06.192+05:30  INFO 17180 --- [Sameerraja-Hospital-Management] [RMI TCP Connection(35)-127.0.0.1] o.s.b.w.e.tomcat.GracefulShutdown        : Commencing graceful shutdown. Waiting for active requests to complete
2025-06-04T12:08:06.284+05:30  INFO 17180 --- [Sameerraja-Hospital-Management] [tomcat-shutdown] o.s.b.w.e.tomcat.GracefulShutdown        : Graceful shutdown complete
2025-06-04T12:08:06.289+05:30  INFO 17180 --- [Sameerraja-Hospital-Management] [RMI TCP Connection(35)-127.0.0.1] j.LocalContainerEntityManagerFactoryBean : Closing JPA EntityManagerFactory for persistence unit 'default'
2025-06-04T12:08:06.291+05:30  WARN 17180 --- [Sameerraja-Hospital-Management] [RMI TCP Connection(35)-127.0.0.1] o.s.b.f.support.DisposableBeanAdapter    : Invocation of destroy method failed on bean with name 'inMemoryDatabaseShutdownExecutor': org.h2.jdbc.JdbcSQLNonTransientConnectionException: Database is already closed (to disable automatic closing at VM shutdown, add ";DB_CLOSE_ON_EXIT=FALSE" to the db URL) [90121-232]
2025-06-04T12:08:06.292+05:30  INFO 17180 --- [Sameerraja-Hospital-Management] [RMI TCP Connection(35)-127.0.0.1] com.zaxxer.hikari.HikariDataSource       : HikariPool-5 - Shutdown initiated...
2025-06-04T12:08:06.293+05:30  INFO 17180 --- [Sameerraja-Hospital-Management] [RMI TCP Connection(35)-127.0.0.1] com.zaxxer.hikari.HikariDataSource       : HikariPool-5 - Shutdown completed.
2025-06-04T12:08:08.874+05:30  INFO 2912 --- [Sameerraja-Hospital-Management] [restartedMain] .SameerrajaHospitalManagementApplication : Starting SameerrajaHospitalManagementApplication using Java 17.0.12 with PID 2912 (D:\Spring Boot projects\Sameerraja-Hospital-Management\target\classes started by vasam in D:\Spring Boot projects\Sameerraja-Hospital-Management)
2025-06-04T12:08:08.877+05:30  INFO 2912 --- [Sameerraja-Hospital-Management] [restartedMain] .SameerrajaHospitalManagementApplication : The following 1 profile is active: "dev"
2025-06-04T12:08:08.930+05:30  INFO 2912 --- [Sameerraja-Hospital-Management] [restartedMain] .e.DevToolsPropertyDefaultsPostProcessor : Devtools property defaults active! Set 'spring.devtools.add-properties' to 'false' to disable
2025-06-04T12:08:08.931+05:30  INFO 2912 --- [Sameerraja-Hospital-Management] [restartedMain] .e.DevToolsPropertyDefaultsPostProcessor : For additional web related logging consider setting the 'logging.level.web' property to 'DEBUG'
2025-06-04T12:08:10.536+05:30  INFO 2912 --- [Sameerraja-Hospital-Management] [restartedMain] .s.d.r.c.RepositoryConfigurationDelegate : Bootstrapping Spring Data JPA repositories in DEFAULT mode.
2025-06-04T12:08:10.635+05:30  INFO 2912 --- [Sameerraja-Hospital-Management] [restartedMain] .s.d.r.c.RepositoryConfigurationDelegate : Finished Spring Data repository scanning in 87 ms. Found 10 JPA repository interfaces.
2025-06-04T12:08:12.481+05:30  INFO 2912 --- [Sameerraja-Hospital-Management] [restartedMain] o.s.b.w.embedded.tomcat.TomcatWebServer  : Tomcat initialized with port 8989 (http)
2025-06-04T12:08:12.498+05:30  INFO 2912 --- [Sameerraja-Hospital-Management] [restartedMain] o.apache.catalina.core.StandardService   : Starting service [Tomcat]
2025-06-04T12:08:12.498+05:30  INFO 2912 --- [Sameerraja-Hospital-Management] [restartedMain] o.apache.catalina.core.StandardEngine    : Starting Servlet engine: [Apache Tomcat/10.1.41]
2025-06-04T12:08:12.555+05:30  INFO 2912 --- [Sameerraja-Hospital-Management] [restartedMain] o.a.c.c.C.[.[localhost].[/api/v1]        : Initializing Spring embedded WebApplicationContext
2025-06-04T12:08:12.555+05:30  INFO 2912 --- [Sameerraja-Hospital-Management] [restartedMain] w.s.c.ServletWebServerApplicationContext : Root WebApplicationContext: initialization completed in 3624 ms
2025-06-04T12:08:12.714+05:30  INFO 2912 --- [Sameerraja-Hospital-Management] [restartedMain] o.hibernate.jpa.internal.util.LogHelper  : HHH000204: Processing PersistenceUnitInfo [name: default]
2025-06-04T12:08:12.796+05:30  INFO 2912 --- [Sameerraja-Hospital-Management] [restartedMain] org.hibernate.Version                    : HHH000412: Hibernate ORM core version 6.6.15.Final
2025-06-04T12:08:12.837+05:30  INFO 2912 --- [Sameerraja-Hospital-Management] [restartedMain] o.h.c.internal.RegionFactoryInitiator    : HHH000026: Second-level cache disabled
2025-06-04T12:08:13.202+05:30  INFO 2912 --- [Sameerraja-Hospital-Management] [restartedMain] o.s.o.j.p.SpringPersistenceUnitInfo      : No LoadTimeWeaver setup: ignoring JPA class transformer
2025-06-04T12:08:13.247+05:30  INFO 2912 --- [Sameerraja-Hospital-Management] [restartedMain] com.zaxxer.hikari.HikariDataSource       : HikariPool-1 - Starting...
2025-06-04T12:08:13.472+05:30  INFO 2912 --- [Sameerraja-Hospital-Management] [restartedMain] com.zaxxer.hikari.pool.HikariPool        : HikariPool-1 - Added connection conn0: url=jdbc:h2:mem:testdb user=ROOT
2025-06-04T12:08:13.474+05:30  INFO 2912 --- [Sameerraja-Hospital-Management] [restartedMain] com.zaxxer.hikari.HikariDataSource       : HikariPool-1 - Start completed.
2025-06-04T12:08:13.510+05:30  WARN 2912 --- [Sameerraja-Hospital-Management] [restartedMain] org.hibernate.orm.deprecation            : HHH90000025: H2Dialect does not need to be specified explicitly using 'hibernate.dialect' (remove the property setting and it will be selected by default)
2025-06-04T12:08:13.535+05:30  INFO 2912 --- [Sameerraja-Hospital-Management] [restartedMain] org.hibernate.orm.connections.pooling    : HHH10001005: Database info:
	Database JDBC URL [Connecting through datasource 'HikariDataSource (HikariPool-1)']
	Database driver: undefined/unknown
	Database version: 2.3.232
	Autocommit mode: undefined/unknown
	Isolation level: undefined/unknown
	Minimum pool size: undefined/unknown
	Maximum pool size: undefined/unknown
2025-06-04T12:08:14.639+05:30  INFO 2912 --- [Sameerraja-Hospital-Management] [restartedMain] o.h.e.t.j.p.i.JtaPlatformInitiator       : HHH000489: No JTA platform available (set 'hibernate.transaction.jta.platform' to enable JTA platform integration)
2025-06-04T12:08:14.748+05:30  INFO 2912 --- [Sameerraja-Hospital-Management] [restartedMain] j.LocalContainerEntityManagerFactoryBean : Initialized JPA EntityManagerFactory for persistence unit 'default'
2025-06-04T12:08:15.131+05:30  INFO 2912 --- [Sameerraja-Hospital-Management] [restartedMain] o.s.d.j.r.query.QueryEnhancerFactory     : Hibernate is in classpath; If applicable, HQL parser will be used.
2025-06-04T12:08:16.208+05:30  INFO 2912 --- [Sameerraja-Hospital-Management] [restartedMain] com.flm.service.impl.StaffServiceImpl    : Admin staff created successfully!
2025-06-04T12:08:16.407+05:30  WARN 2912 --- [Sameerraja-Hospital-Management] [restartedMain] JpaBaseConfiguration$JpaWebConfiguration : spring.jpa.open-in-view is enabled by default. Therefore, database queries may be performed during view rendering. Explicitly configure spring.jpa.open-in-view to disable this warning
2025-06-04T12:08:16.453+05:30  INFO 2912 --- [Sameerraja-Hospital-Management] [restartedMain] eAuthenticationProviderManagerConfigurer : Global AuthenticationManager configured with AuthenticationProvider bean with name authenticationProvider
2025-06-04T12:08:16.453+05:30  WARN 2912 --- [Sameerraja-Hospital-Management] [restartedMain] r$InitializeUserDetailsManagerConfigurer : Global AuthenticationManager configured with an AuthenticationProvider bean. UserDetailsService beans will not be used by Spring Security for automatically configuring username/password login. Consider removing the AuthenticationProvider bean. Alternatively, consider using the UserDetailsService in a manually instantiated DaoAuthenticationProvider. If the current configuration is intentional, to turn off this warning, increase the logging level of 'org.springframework.security.config.annotation.authentication.configuration.InitializeUserDetailsBeanManagerConfigurer' to ERROR
2025-06-04T12:08:17.605+05:30  INFO 2912 --- [Sameerraja-Hospital-Management] [restartedMain] o.s.b.a.h2.H2ConsoleAutoConfiguration    : H2 console available at '/h2-console'. Database available at 'jdbc:h2:mem:testdb'
2025-06-04T12:08:17.737+05:30  INFO 2912 --- [Sameerraja-Hospital-Management] [restartedMain] o.s.b.d.a.OptionalLiveReloadServer       : LiveReload server is running on port 35729
2025-06-04T12:08:17.791+05:30  INFO 2912 --- [Sameerraja-Hospital-Management] [restartedMain] o.s.b.w.embedded.tomcat.TomcatWebServer  : Tomcat started on port 8989 (http) with context path '/api/v1'
2025-06-04T12:08:17.802+05:30  INFO 2912 --- [Sameerraja-Hospital-Management] [restartedMain] .SameerrajaHospitalManagementApplication : Started SameerrajaHospitalManagementApplication in 9.403 seconds (process running for 10.073)
2025-06-04T12:08:40.304+05:30  INFO 2912 --- [Sameerraja-Hospital-Management] [http-nio-8989-exec-1] o.a.c.c.C.[.[localhost].[/api/v1]        : Initializing Spring DispatcherServlet 'dispatcherServlet'
2025-06-04T12:08:40.304+05:30  INFO 2912 --- [Sameerraja-Hospital-Management] [http-nio-8989-exec-1] o.s.web.servlet.DispatcherServlet        : Initializing Servlet 'dispatcherServlet'
2025-06-04T12:08:40.306+05:30  INFO 2912 --- [Sameerraja-Hospital-Management] [http-nio-8989-exec-1] o.s.web.servlet.DispatcherServlet        : Completed initialization in 2 ms
2025-06-04T12:08:41.706+05:30  INFO 2912 --- [Sameerraja-Hospital-Management] [http-nio-8989-exec-10] o.springdoc.api.AbstractOpenApiResource  : Init duration for springdoc-openapi is: 659 ms
2025-06-04T12:09:54.958+05:30  INFO 2912 --- [Sameerraja-Hospital-Management] [http-nio-8989-exec-7] c.flm.service.impl.PatientServiceImpl    : Patient 202506274890
2025-06-04T12:10:23.122+05:30  INFO 2912 --- [Sameerraja-Hospital-Management] [http-nio-8989-exec-9] com.flm.service.impl.DoctorServiceImpl   : Doctor Registered with Id : SAM-3F35B562
2025-06-04T12:10:42.302+05:30  INFO 2912 --- [Sameerraja-Hospital-Management] [http-nio-8989-exec-8] com.flm.service.impl.DoctorServiceImpl   : Doctor Registered with Id : SAM-2838161B
2025-06-04T12:12:38.496+05:30  INFO 2912 --- [Sameerraja-Hospital-Management] [http-nio-8989-exec-1] com.flm.service.impl.DoctorServiceImpl   : Retrieved Doctor details for ID: SAM-3F35B562
2025-06-04T12:14:16.113+05:30  INFO 2912 --- [Sameerraja-Hospital-Management] [http-nio-8989-exec-3] c.f.service.impl.AppointmentServiceImpl  : Booking appointment: AppointmentDTO(appointmentId=A123, doctorId=D456, patientId=P789, appointmentDate=2025-06-03, startTime=10:00, endTime=10:30, notes=Routine checkup)
2025-06-04T12:14:16.119+05:30  WARN 2912 --- [Sameerraja-Hospital-Management] [http-nio-8989-exec-3] .m.m.a.ExceptionHandlerExceptionResolver : Resolved [com.flm.exception.InvalidDateException: Appointment date must be today or later.]
2025-06-04T12:14:33.821+05:30  INFO 2912 --- [Sameerraja-Hospital-Management] [http-nio-8989-exec-4] c.f.service.impl.AppointmentServiceImpl  : Booking appointment: AppointmentDTO(appointmentId=A123, doctorId=D456, patientId=P789, appointmentDate=2025-06-04, startTime=10:00, endTime=10:30, notes=Routine checkup)
2025-06-04T12:14:33.824+05:30  WARN 2912 --- [Sameerraja-Hospital-Management] [http-nio-8989-exec-4] .m.m.a.ExceptionHandlerExceptionResolver : Resolved [com.flm.exception.DoctorNotFoundException: Doctor Not Found with Id : D456]
2025-06-04T12:15:46.367+05:30  INFO 2912 --- [Sameerraja-Hospital-Management] [http-nio-8989-exec-5] c.f.service.impl.AppointmentServiceImpl  : Booking appointment: AppointmentDTO(appointmentId=A123, doctorId=SAM-2838161B, patientId=sada, appointmentDate=2025-06-04, startTime=10:00, endTime=10:30, notes=Routine checkup)
2025-06-04T12:15:46.405+05:30  WARN 2912 --- [Sameerraja-Hospital-Management] [http-nio-8989-exec-5] .m.m.a.ExceptionHandlerExceptionResolver : Resolved [com.flm.exception.PatientNotFoundException: Patient Not Found with Id : sada]
2025-06-04T12:16:17.298+05:30  INFO 2912 --- [Sameerraja-Hospital-Management] [http-nio-8989-exec-7] c.f.service.impl.AppointmentServiceImpl  : Booking appointment: AppointmentDTO(appointmentId=A123, doctorId=SAM-2838161B, patientId=202506274890, appointmentDate=2025-06-04, startTime=10:00, endTime=10:30, notes=Routine checkup)
2025-06-04T12:16:22.886+05:30  INFO 2912 --- [Sameerraja-Hospital-Management] [http-nio-8989-exec-7] com.flm.notification.EmailService        : Appointment confirmation email sent successfully to saikrishnapavan0000@gmail.com
2025-06-04T12:16:22.887+05:30  INFO 2912 --- [Sameerraja-Hospital-Management] [http-nio-8989-exec-7] c.f.service.impl.AppointmentServiceImpl  : Successfully booked appointment for patient 202506274890 with doctor SAM-2838161B on 2025-06-04 from 10:00 to 10:30
2025-06-04T12:17:34.894+05:30  INFO 2912 --- [Sameerraja-Hospital-Management] [http-nio-8989-exec-8] c.f.service.impl.AppointmentServiceImpl  : Fetching all appointments
2025-06-04T12:23:30.877+05:30  INFO 2912 --- [Sameerraja-Hospital-Management] [RMI TCP Connection(22)-127.0.0.1] inMXBeanRegistrar$SpringApplicationAdmin : Application shutdown requested.
2025-06-04T12:23:30.971+05:30  INFO 2912 --- [Sameerraja-Hospital-Management] [RMI TCP Connection(22)-127.0.0.1] o.s.b.w.e.tomcat.GracefulShutdown        : Commencing graceful shutdown. Waiting for active requests to complete
2025-06-04T12:23:31.071+05:30  INFO 2912 --- [Sameerraja-Hospital-Management] [tomcat-shutdown] o.s.b.w.e.tomcat.GracefulShutdown        : Graceful shutdown complete
2025-06-04T12:23:31.097+05:30  INFO 2912 --- [Sameerraja-Hospital-Management] [RMI TCP Connection(22)-127.0.0.1] j.LocalContainerEntityManagerFactoryBean : Closing JPA EntityManagerFactory for persistence unit 'default'
2025-06-04T12:23:31.122+05:30  WARN 2912 --- [Sameerraja-Hospital-Management] [RMI TCP Connection(22)-127.0.0.1] o.s.b.f.support.DisposableBeanAdapter    : Invocation of destroy method failed on bean with name 'inMemoryDatabaseShutdownExecutor': org.h2.jdbc.JdbcSQLNonTransientConnectionException: Database is already closed (to disable automatic closing at VM shutdown, add ";DB_CLOSE_ON_EXIT=FALSE" to the db URL) [90121-232]
2025-06-04T12:23:31.123+05:30  INFO 2912 --- [Sameerraja-Hospital-Management] [RMI TCP Connection(22)-127.0.0.1] com.zaxxer.hikari.HikariDataSource       : HikariPool-1 - Shutdown initiated...
2025-06-04T12:23:31.127+05:30  INFO 2912 --- [Sameerraja-Hospital-Management] [RMI TCP Connection(22)-127.0.0.1] com.zaxxer.hikari.HikariDataSource       : HikariPool-1 - Shutdown completed.
